/bluetooth_teleop/joy_node
/bluetooth_teleop/teleop_twist_joy
/camera/flea3_nodelet
/camera/flea3_nodelet_manager
/camera/image_proc_debayer
/controller_spawner
/diagnostic_aggregator
/ekf_localization
/foxglovestudio_56294
/imu_filter
/jackal_node
/navsat/nmea_topic_driver
/robot_state_publisher
/rosout
/rosserial_message_info
/twist_marker_server
/twist_mux
/um7_broadcaster
/um7_driver
/um7_magwick
/velodyne_nodelet_manager
/velodyne_nodelet_manager_cloud
/velodyne_nodelet_manager_driver
/velodyne_nodelet_manager_laserscan
