/bluetooth_teleop/cmd_vel
/bluetooth_teleop/joy
/bluetooth_teleop/joy/set_feedback
/camera/camera_info
/camera/flea3_nodelet/parameter_descriptions
/camera/flea3_nodelet/parameter_updates
/camera/flea3_nodelet_manager/bond
/camera/image
/camera/image_color
/camera/image_mono
/camera/image_proc_debayer/parameter_descriptions
/camera/image_proc_debayer/parameter_updates
/camera/image_raw
/clicked_point
/cmd_drive
/cmd_vel
/diagnostics
/diagnostics_agg
/diagnostics_toplevel_state
/e_stop
/feedback
/imu/data
/imu/data_raw
/imu/mag
/imu/rpy
/imu/temperature
/imu_filter/parameter_descriptions
/imu_filter/parameter_updates
/imu_um7/data
/imu_um7/data_raw
/initialpose
/jackal_velocity_controller/cmd_vel
/jackal_velocity_controller/odom
/jackal_velocity_controller/parameter_descriptions
/jackal_velocity_controller/parameter_updates
/joint_states
/joy_teleop/cmd_vel
/move_base_simple/goal
/navsat/fix
/navsat/nmea_sentence
/navsat/time_reference
/navsat/vel
/odometry/filtered
/rosout
/rosout_agg
/scan
/set_pose
/status
/tf
/tf_static
/twist_marker_server/cmd_vel
/twist_marker_server/feedback
/twist_marker_server/update
/twist_marker_server/update_full
/um7_magwick/parameter_descriptions
/um7_magwick/parameter_updates
/velodyne_nodelet_manager/bond
/velodyne_nodelet_manager_cloud/parameter_descriptions
/velodyne_nodelet_manager_cloud/parameter_updates
/velodyne_nodelet_manager_driver/parameter_descriptions
/velodyne_nodelet_manager_driver/parameter_updates
/velodyne_nodelet_manager_laserscan/parameter_descriptions
/velodyne_nodelet_manager_laserscan/parameter_updates
/velodyne_packets
/velodyne_points
/wifi_connected
