# dmidecode 3.1
Getting SMBIOS data from sysfs.
SMBIOS 2.8 present.

Handle 0x0041, DMI type 16, 23 bytes
Physical Memory Array
	Location: System Board Or Motherboard
	Use: System Memory
	Error Correction Type: None
	Maximum Capacity: 32 GB
	Error Information Handle: Not Provided
	Number Of Devices: 4

Handle 0x0042, DMI type 17, 40 bytes
Memory Device
	Array Handle: 0x0041
	Error Information Handle: Not Provided
	Total Width: Unknown
	Data Width: Unknown
	Size: No Module Installed
	Form Factor: DIMM
	Set: None
	Locator: ChannelA-DIMM0
	Bank Locator: BANK 0
	Type: Unknown
	Type Detail: None
	Speed: Unknown
	Manufacturer: [Empty]
	Serial Number: [Empty]
	Asset Tag: 9876543210
	Part Number: [Empty]
	Rank: Unknown
	Configured Clock Speed: Unknown
	Minimum Voltage: Unknown
	Maximum Voltage: Unknown
	Configured Voltage: Unknown

Handle 0x0043, DMI type 17, 40 bytes
Memory Device
	Array Handle: 0x0041
	Error Information Handle: Not Provided
	Total Width: 64 bits
	Data Width: 64 bits
	Size: 4096 MB
	Form Factor: SODIMM
	Set: None
	Locator: ChannelA-DIMM1
	Bank Locator: BANK 1
	Type: DDR3
	Type Detail: Synchronous
	Speed: 1600 MT/s
	Manufacturer: 0420
	Serial Number: 00000000
	Asset Tag: 9876543210
	Part Number: F3-12800CL9-4GBSQ 
	Rank: 1
	Configured Clock Speed: 1600 MT/s
	Minimum Voltage: 1.35 V
	Maximum Voltage: 1.5 V
	Configured Voltage: 1.5 V

Handle 0x0045, DMI type 17, 40 bytes
Memory Device
	Array Handle: 0x0041
	Error Information Handle: Not Provided
	Total Width: Unknown
	Data Width: Unknown
	Size: No Module Installed
	Form Factor: DIMM
	Set: None
	Locator: ChannelB-DIMM0
	Bank Locator: BANK 2
	Type: Unknown
	Type Detail: None
	Speed: Unknown
	Manufacturer: [Empty]
	Serial Number: [Empty]
	Asset Tag: 9876543210
	Part Number: [Empty]
	Rank: Unknown
	Configured Clock Speed: Unknown
	Minimum Voltage: Unknown
	Maximum Voltage: Unknown
	Configured Voltage: Unknown

Handle 0x0046, DMI type 17, 40 bytes
Memory Device
	Array Handle: 0x0041
	Error Information Handle: Not Provided
	Total Width: 64 bits
	Data Width: 64 bits
	Size: 4096 MB
	Form Factor: SODIMM
	Set: None
	Locator: ChannelB-DIMM1
	Bank Locator: BANK 3
	Type: DDR3
	Type Detail: Synchronous
	Speed: 1600 MT/s
	Manufacturer: 0420
	Serial Number: 00000000
	Asset Tag: 9876543210
	Part Number: F3-12800CL9-4GBSQ 
	Rank: 1
	Configured Clock Speed: 1600 MT/s
	Minimum Voltage: 1.35 V
	Maximum Voltage: 1.5 V
	Configured Voltage: 1.5 V

