jackal2
    description: Desktop Computer
    product: To be filled by O.E.M. (To be filled by O.E.M.)
    vendor: To be filled by O.E.M.
    version: To be filled by O.E.M.
    serial: To be filled by O.E.M.
    width: 64 bits
    capabilities: smbios-2.8 dmi-2.8 smp vsyscall32
    configuration: boot=normal chassis=desktop family=To be filled by O.E.M. sku=To be filled by O.E.M. uuid=00020003-0004-0005-0006-000700080009
  *-core
       description: Motherboard
       product: SHARKBAY
       vendor: INTEL Corporation
       physical id: 0
       version: To be filled by O.E.M.
       serial: To be filled by O.E.M.
       slot: To be filled by O.E.M.
     *-firmware
          description: BIOS
          vendor: American Megatrends Inc.
          physical id: 0
          version: 4.6.5
          date: 05/14/2018
          size: 64KiB
          capacity: 4032KiB
          capabilities: pci upgrade shadowing cdboot bootselect socketedrom edd int13floppy1200 int13floppy720 int13floppy2880 int5printscreen int9keyboard int14serial int17printer acpi usb biosbootspecification uefi
     *-cpu
          description: CPU
          product: Intel(R) Core(TM) i5-4570TE CPU @ 2.70GHz
          vendor: Intel Corp.
          physical id: 3d
          bus info: cpu@0
          version: Intel(R) Core(TM) i5-4570TE CPU @ 2.70GHz
          slot: SOCKET 0
          size: 3044MHz
          capacity: 3800MHz
          width: 64 bits
          clock: 100MHz
          capabilities: x86-64 fpu fpu_exception wp vme de pse tsc msr pae mce cx8 apic sep mtrr pge mca cmov pat pse36 clflush dts acpi mmx fxsr sse sse2 ss ht tm pbe syscall nx pdpe1gb rdtscp constant_tsc arch_perfmon pebs bts rep_good nopl xtopology nonstop_tsc cpuid aperfmperf pni pclmulqdq dtes64 monitor ds_cpl vmx smx est tm2 ssse3 sdbg fma cx16 xtpr pdcm pcid sse4_1 sse4_2 x2apic movbe popcnt tsc_deadline_timer aes xsave avx f16c rdrand lahf_lm abm cpuid_fault epb invpcid_single pti ssbd ibrs ibpb stibp tpr_shadow vnmi flexpriority ept vpid ept_ad fsgsbase tsc_adjust bmi1 avx2 smep bmi2 erms invpcid xsaveopt dtherm ida arat pln pts md_clear flush_l1d cpufreq
          configuration: cores=2 enabledcores=2 threads=4
        *-cache:0
             description: L2 cache
             physical id: 3e
             slot: CPU Internal L2
             size: 512KiB
             capacity: 512KiB
             capabilities: internal write-back unified
             configuration: level=2
        *-cache:1
             description: L1 cache
             physical id: 3f
             slot: CPU Internal L1
             size: 128KiB
             capacity: 128KiB
             capabilities: internal write-back
             configuration: level=1
        *-cache:2
             description: L3 cache
             physical id: 40
             slot: CPU Internal L3
             size: 4MiB
             capacity: 4MiB
             capabilities: internal write-back unified
             configuration: level=3
     *-memory
          description: System Memory
          physical id: 41
          slot: System board or motherboard
          size: 8GiB
        *-bank:0
             description: DIMM [empty]
             product: [Empty]
             vendor: [Empty]
             physical id: 0
             serial: [Empty]
             slot: ChannelA-DIMM0
        *-bank:1
             description: SODIMM DDR3 Synchronous 1600 MHz (0.6 ns)
             product: F3-12800CL9-4GBSQ
             vendor: Fujitsu
             physical id: 1
             serial: 00000000
             slot: ChannelA-DIMM1
             size: 4GiB
             width: 64 bits
             clock: 1600MHz (0.6ns)
        *-bank:2
             description: DIMM [empty]
             product: [Empty]
             vendor: [Empty]
             physical id: 2
             serial: [Empty]
             slot: ChannelB-DIMM0
        *-bank:3
             description: SODIMM DDR3 Synchronous 1600 MHz (0.6 ns)
             product: F3-12800CL9-4GBSQ
             vendor: Fujitsu
             physical id: 3
             serial: 00000000
             slot: ChannelB-DIMM1
             size: 4GiB
             width: 64 bits
             clock: 1600MHz (0.6ns)
     *-pci
          description: Host bridge
          product: 4th Gen Core Processor DRAM Controller
          vendor: Intel Corporation
          physical id: 100
          bus info: pci@0000:00:00.0
          version: 06
          width: 32 bits
          clock: 33MHz
          configuration: driver=hsw_uncore
          resources: irq:0
        *-display
             description: VGA compatible controller
             product: Xeon E3-1200 v3/4th Gen Core Processor Integrated Graphics Controller
             vendor: Intel Corporation
             physical id: 2
             bus info: pci@0000:00:02.0
             version: 06
             width: 64 bits
             clock: 33MHz
             capabilities: msi pm vga_controller bus_master cap_list rom
             configuration: driver=i915 latency=0
             resources: irq:40 memory:f7800000-f7bfffff memory:e0000000-efffffff ioport:f000(size=64) memory:c0000-dffff
        *-multimedia:0
             description: Audio device
             product: Xeon E3-1200 v3/4th Gen Core Processor HD Audio Controller
             vendor: Intel Corporation
             physical id: 3
             bus info: pci@0000:00:03.0
             version: 06
             width: 64 bits
             clock: 33MHz
             capabilities: pm msi pciexpress bus_master cap_list
             configuration: driver=snd_hda_intel latency=0
             resources: irq:41 memory:f7e34000-f7e37fff
        *-usb:0
             description: USB controller
             product: 8 Series/C220 Series Chipset Family USB xHCI
             vendor: Intel Corporation
             physical id: 14
             bus info: pci@0000:00:14.0
             version: 05
             width: 64 bits
             clock: 33MHz
             capabilities: pm msi xhci bus_master cap_list
             configuration: driver=xhci_hcd latency=0
             resources: irq:29 memory:f7e20000-f7e2ffff
           *-usbhost:0
                product: xHCI Host Controller
                vendor: Linux 5.4.0-122-lowlatency xhci-hcd
                physical id: 0
                bus info: usb@3
                logical name: usb3
                version: 5.04
                capabilities: usb-2.00
                configuration: driver=hub slots=15 speed=480Mbit/s
              *-usb:0 UNCLAIMED
                   description: Generic USB device
                   product: Movidius MA2X5X
                   vendor: Movidius Ltd.
                   physical id: 2
                   bus info: usb@3:2
                   version: 0.01
                   serial: 03e72150
                   capabilities: usb-2.00
                   configuration: maxpower=500mA speed=480Mbit/s
              *-usb:1
                   description: Bluetooth wireless interface
                   vendor: Intel Corp.
                   physical id: 7
                   bus info: usb@3:7
                   version: 0.01
                   capabilities: bluetooth usb-2.00
                   configuration: driver=btusb maxpower=100mA speed=12Mbit/s
              *-usb:2
                   description: Generic USB device
                   product: Clearpath Robotics /um7
                   vendor: FTDI
                   physical id: 9
                   bus info: usb@3:9
                   version: 6.00
                   serial: FTAMNWSZ
                   capabilities: usb-2.00
                   configuration: driver=ftdi_sio maxpower=500mA speed=12Mbit/s
              *-usb:3
                   description: Communication device
                   product: Jackal MCU
                   vendor: Clearpath Robotics
                   physical id: b
                   bus info: usb@3:b
                   version: 2.00
                   serial: 00000000050C
                   capabilities: usb-2.00
                   configuration: driver=cdc_acm maxpower=100mA speed=12Mbit/s
           *-usbhost:1
                product: xHCI Host Controller
                vendor: Linux 5.4.0-122-lowlatency xhci-hcd
                physical id: 1
                bus info: usb@4
                logical name: usb4
                version: 5.04
                capabilities: usb-3.00
                configuration: driver=hub slots=6 speed=5000Mbit/s
              *-usb UNCLAIMED
                   description: Generic USB device
                   product: Flea3 FL3-U3-13E4C
                   vendor: Point Grey Research
                   physical id: 1
                   bus info: usb@4:1
                   version: 0.00
                   serial: 011A5DD7
                   capabilities: usb-3.00
                   configuration: maxpower=896mA speed=5000Mbit/s
        *-communication:0
             description: Communication controller
             product: 8 Series/C220 Series Chipset Family MEI Controller #1
             vendor: Intel Corporation
             physical id: 16
             bus info: pci@0000:00:16.0
             version: 04
             width: 64 bits
             clock: 33MHz
             capabilities: pm msi bus_master cap_list
             configuration: driver=mei_me latency=0
             resources: irq:37 memory:f7e40000-f7e4000f
        *-communication:1
             description: Serial controller
             product: 8 Series/C220 Series Chipset Family KT Controller
             vendor: Intel Corporation
             physical id: 16.3
             bus info: pci@0000:00:16.3
             version: 04
             width: 32 bits
             clock: 66MHz
             capabilities: pm msi 16550 bus_master cap_list
             configuration: driver=serial latency=0
             resources: irq:23 ioport:f0e0(size=8) memory:f7e3e000-f7e3efff
        *-network
             description: Ethernet interface
             product: Ethernet Connection I217-LM
             vendor: Intel Corporation
             physical id: 19
             bus info: pci@0000:00:19.0
             logical name: eno1
             version: 05
             serial: c4:00:ad:31:43:26
             size: 1Gbit/s
             capacity: 1Gbit/s
             width: 32 bits
             clock: 33MHz
             capabilities: pm msi bus_master cap_list ethernet physical tp 10bt 10bt-fd 100bt 100bt-fd 1000bt-fd autonegotiation
             configuration: autonegotiation=on broadcast=yes driver=e1000e driverversion=3.2.6-k duplex=full firmware=0.13-4 ip=169.254.198.248 latency=0 link=yes multicast=yes port=twisted pair speed=1Gbit/s
             resources: irq:30 memory:f7e00000-f7e1ffff memory:f7e3d000-f7e3dfff ioport:f080(size=32)
        *-usb:1
             description: USB controller
             product: 8 Series/C220 Series Chipset Family USB EHCI #2
             vendor: Intel Corporation
             physical id: 1a
             bus info: pci@0000:00:1a.0
             version: 05
             width: 32 bits
             clock: 33MHz
             capabilities: pm debug ehci bus_master cap_list
             configuration: driver=ehci-pci latency=0
             resources: irq:16 memory:f7e3c000-f7e3c3ff
           *-usbhost
                product: EHCI Host Controller
                vendor: Linux 5.4.0-122-lowlatency ehci_hcd
                physical id: 1
                bus info: usb@1
                logical name: usb1
                version: 5.04
                capabilities: usb-2.00
                configuration: driver=hub slots=3 speed=480Mbit/s
              *-usb
                   description: USB hub
                   vendor: Intel Corp.
                   physical id: 1
                   bus info: usb@1:1
                   version: 0.05
                   capabilities: usb-2.00
                   configuration: driver=hub slots=6 speed=480Mbit/s
        *-multimedia:1
             description: Audio device
             product: 8 Series/C220 Series Chipset High Definition Audio Controller
             vendor: Intel Corporation
             physical id: 1b
             bus info: pci@0000:00:1b.0
             version: 05
             width: 64 bits
             clock: 33MHz
             capabilities: pm msi pciexpress bus_master cap_list
             configuration: driver=snd_hda_intel latency=0
             resources: irq:39 memory:f7e30000-f7e33fff
        *-pci:0
             description: PCI bridge
             product: 8 Series/C220 Series Chipset Family PCI Express Root Port #1
             vendor: Intel Corporation
             physical id: 1c
             bus info: pci@0000:00:1c.0
             version: d5
             width: 32 bits
             clock: 33MHz
             capabilities: pci pciexpress msi pm normal_decode bus_master cap_list
             configuration: driver=pcieport
             resources: irq:26 ioport:2000(size=4096) memory:df200000-df3fffff ioport:df400000(size=2097152)
        *-pci:1
             description: PCI bridge
             product: 8 Series/C220 Series Chipset Family PCI Express Root Port #3
             vendor: Intel Corporation
             physical id: 1c.2
             bus info: pci@0000:00:1c.2
             version: d5
             width: 32 bits
             clock: 33MHz
             capabilities: pci pciexpress msi pm normal_decode bus_master cap_list
             configuration: driver=pcieport
             resources: irq:27 memory:f7d00000-f7dfffff
           *-network
                description: Wireless interface
                product: Wireless 7260
                vendor: Intel Corporation
                physical id: 0
                bus info: pci@0000:02:00.0
                logical name: wlp2s0
                version: 73
                serial: ac:7b:a1:88:14:95
                width: 64 bits
                clock: 33MHz
                capabilities: pm msi pciexpress bus_master cap_list ethernet physical wireless
                configuration: broadcast=yes driver=iwlwifi driverversion=5.4.0-122-lowlatency firmware=17.948900127.0 ip=129.97.71.37 latency=0 link=yes multicast=yes wireless=IEEE 802.11
                resources: irq:38 memory:f7d00000-f7d01fff
        *-pci:2
             description: PCI bridge
             product: 8 Series/C220 Series Chipset Family PCI Express Root Port #6
             vendor: Intel Corporation
             physical id: 1c.5
             bus info: pci@0000:00:1c.5
             version: d5
             width: 32 bits
             clock: 33MHz
             capabilities: pci pciexpress msi pm normal_decode bus_master cap_list
             configuration: driver=pcieport
             resources: irq:28 ioport:e000(size=4096) memory:f7c00000-f7cfffff
           *-network
                description: Ethernet interface
                product: I211 Gigabit Network Connection
                vendor: Intel Corporation
                physical id: 0
                bus info: pci@0000:03:00.0
                logical name: enp3s0
                version: 03
                serial: c4:00:ad:31:43:27
                size: 100Mbit/s
                capacity: 1Gbit/s
                width: 32 bits
                clock: 33MHz
                capabilities: pm msi msix pciexpress bus_master cap_list ethernet physical tp 10bt 10bt-fd 100bt 100bt-fd 1000bt-fd autonegotiation
                configuration: autonegotiation=on broadcast=yes driver=igb driverversion=5.6.0-k duplex=full firmware=0. 4-1 ip=169.254.148.66 latency=0 link=yes multicast=yes port=twisted pair speed=100Mbit/s
                resources: irq:17 memory:f7c00000-f7c1ffff ioport:e000(size=32) memory:f7c20000-f7c23fff
        *-usb:2
             description: USB controller
             product: 8 Series/C220 Series Chipset Family USB EHCI #1
             vendor: Intel Corporation
             physical id: 1d
             bus info: pci@0000:00:1d.0
             version: 05
             width: 32 bits
             clock: 33MHz
             capabilities: pm debug ehci bus_master cap_list
             configuration: driver=ehci-pci latency=0
             resources: irq:23 memory:f7e3b000-f7e3b3ff
           *-usbhost
                product: EHCI Host Controller
                vendor: Linux 5.4.0-122-lowlatency ehci_hcd
                physical id: 1
                bus info: usb@2
                logical name: usb2
                version: 5.04
                capabilities: usb-2.00
                configuration: driver=hub slots=3 speed=480Mbit/s
              *-usb
                   description: USB hub
                   vendor: Intel Corp.
                   physical id: 1
                   bus info: usb@2:1
                   version: 0.05
                   capabilities: usb-2.00
                   configuration: driver=hub slots=8 speed=480Mbit/s
        *-isa
             description: ISA bridge
             product: Q87 Express LPC Controller
             vendor: Intel Corporation
             physical id: 1f
             bus info: pci@0000:00:1f.0
             version: 05
             width: 32 bits
             clock: 33MHz
             capabilities: isa bus_master cap_list
             configuration: driver=lpc_ich latency=0
             resources: irq:0
        *-storage
             description: SATA controller
             product: 8 Series/C220 Series Chipset Family 6-port SATA Controller 1 [AHCI mode]
             vendor: Intel Corporation
             physical id: 1f.2
             bus info: pci@0000:00:1f.2
             version: 05
             width: 32 bits
             clock: 66MHz
             capabilities: storage msi pm ahci_1.0 bus_master cap_list
             configuration: driver=ahci latency=0
             resources: irq:31 ioport:f0d0(size=8) ioport:f0c0(size=4) ioport:f0b0(size=8) ioport:f0a0(size=4) ioport:f060(size=32) memory:f7e3a000-f7e3a7ff
        *-serial UNCLAIMED
             description: SMBus
             product: 8 Series/C220 Series Chipset Family SMBus Controller
             vendor: Intel Corporation
             physical id: 1f.3
             bus info: pci@0000:00:1f.3
             version: 05
             width: 64 bits
             clock: 33MHz
             configuration: latency=0
             resources: memory:f7e39000-f7e390ff ioport:f040(size=32)
     *-scsi
          physical id: 1
          logical name: scsi3
          capabilities: emulated
        *-disk
             description: ATA Disk
             product: Samsung SSD 860
             physical id: 0.0.0
             bus info: scsi@3:0.0.0
             logical name: /dev/sda
             version: 1B6Q
             serial: S3YJNX0K423407K
             size: 232GiB (250GB)
             capabilities: partitioned partitioned:dos
             configuration: ansiversion=5 logicalsectorsize=512 sectorsize=512 signature=4661d2e6
           *-volume:0 UNCLAIMED
                description: Windows FAT volume
                vendor: mkfs.fat
                physical id: 1
                bus info: scsi@3:0.0.0,1
                version: FAT32
                serial: 711d-e206
                size: 92MiB
                capacity: 94MiB
                capabilities: primary fat initialized
                configuration: FATs=2 filesystem=fat
           *-volume:1
                description: Extended partition
                physical id: 2
                bus info: scsi@3:0.0.0,2
                logical name: /dev/sda2
                size: 232GiB
                capacity: 232GiB
                capabilities: primary extended partitioned partitioned:extended
              *-logicalvolume:0
                   description: Linux filesystem partition
                   physical id: 5
                   logical name: /dev/sda5
                   capacity: 1MiB
              *-logicalvolume:1
                   description: EXT4 volume
                   vendor: Linux
                   physical id: 6
                   logical name: /dev/sda6
                   logical name: /
                   version: 1.0
                   serial: e85ee294-b83a-4cb1-bdcd-88df34ec9814
                   size: 232GiB
                   capacity: 232GiB
                   capabilities: bootable journaled extended_attributes large_files huge_files dir_nlink recover extents ext4 ext2 initialized
                   configuration: created=2019-05-02 13:34:45 filesystem=ext4 lastmountpoint=/ modified=2023-03-14 09:54:37 mount.fstype=ext4 mount.options=rw,noatime,errors=remount-ro mounted=2023-03-14 09:54:38 state=mounted
  *-power UNCLAIMED
       description: To Be Filled By O.E.M.
       product: To Be Filled By O.E.M.
       vendor: To Be Filled By O.E.M.
       physical id: 1
       version: To Be Filled By O.E.M.
       serial: To Be Filled By O.E.M.
       capacity: 32768mWh
